-------------------------------------------------------------------------------
Test set: com.in28minutes.springboot.microservice.example.forex.springbootmicroserviceforexservice.SpringBootMicroserviceForexServiceApplicationTests
-------------------------------------------------------------------------------
Tests run: 1, Failures: 0, Errors: 0, Skipped: 0, Time elapsed: 10.298 s - in com.in28minutes.springboot.microservice.example.forex.springbootmicroserviceforexservice.SpringBootMicroserviceForexServiceApplicationTests
